{
  "0 debug pnpm:scope": {
    "selected": 1
  },
  "1 error pnpm": {
    "code": "ELIFECYCLE",
    "errno": "ENOENT",
    "syscall": "spawn",
    "file": "sh",
    "pkgid": "frontend@1.0.0",
    "stage": "start",
    "script": "webpack serve --config ./webpack.config.js --mode development",
    "pkgname": "frontend",
    "err": {
      "name": "pnpm",
      "message": "frontend@1.0.0 start: `webpack serve --config ./webpack.config.js --mode development`\nspawn ENOENT",
      "code": "ELIFECYCLE",
      "stack": "pnpm: frontend@1.0.0 start: `webpack serve --config ./webpack.config.js --mode development`\nspawn ENOENT\n    at ChildProcess.<anonymous> (/home/luiggy/.nvm/versions/node/v16.13.1/pnpm-global/5/node_modules/.pnpm/pnpm@6.25.1/node_modules/pnpm/dist/pnpm.cjs:91914:22)\n    at ChildProcess.emit (node:events:390:28)\n    at maybeClose (node:internal/child_process:1064:16)\n    at Process.ChildProcess._handle.onexit (node:internal/child_process:301:5)"
    }
  }
}